Copyright 1986-2020 Xilinx, Inc. All Rights Reserved.
-----------------------------------------------------------------------------------------------------------------------------------------------------------------------
| Tool Version : Vivado v.2020.2 (win64) Build 3064766 Wed Nov 18 09:12:45 MST 2020
| Date         : Sat Jun  4 16:48:14 2022
| Host         : RUN-20 running 64-bit major release  (build 9200)
| Command      : report_methodology -file nexysA7fpga_methodology_drc_routed.rpt -pb nexysA7fpga_methodology_drc_routed.pb -rpx nexysA7fpga_methodology_drc_routed.rpx
| Design       : nexysA7fpga
| Device       : xc7a100tcsg324-1
| Speed File   : -1
| Design State : Fully Routed
-----------------------------------------------------------------------------------------------------------------------------------------------------------------------

Report Methodology

Table of Contents
-----------------
1. REPORT SUMMARY
2. REPORT DETAILS

1. REPORT SUMMARY
-----------------
            Netlist: netlist
          Floorplan: design_1
      Design limits: <entire design considered>
             Max violations: <unlimited>
             Violations found: 172
+-----------+------------------+------------------------------------------------------------+------------+
| Rule      | Severity         | Description                                                | Violations |
+-----------+------------------+------------------------------------------------------------+------------+
| TIMING-4  | Critical Warning | Invalid primary clock redefinition on a clock tree         | 1          |
| TIMING-17 | Critical Warning | Non-clocked sequential cell                                | 101        |
| TIMING-27 | Critical Warning | Invalid primary clock on hierarchical pin                  | 1          |
| TIMING-54 | Critical Warning | Scoped false path or clock group constraint between clocks | 2          |
| LUTAR-1   | Warning          | LUT drives async reset alert                               | 2          |
| PDRC-190  | Warning          | Suboptimally placed synchronized register chain            | 1          |
| TIMING-9  | Warning          | Unknown CDC Logic                                          | 1          |
| TIMING-18 | Warning          | Missing input or output delay                              | 63         |
+-----------+------------------+------------------------------------------------------------+------------+

2. REPORT DETAILS
-----------------
TIMING-4#1 Critical Warning
Invalid primary clock redefinition on a clock tree  
Invalid clock redefinition on a clock tree. The primary clock EMBSYS/clk_wiz_1/inst/clk_in1 is defined downstream of clock sys_clk_pin and overrides its insertion delay and/or waveform definition
Related violations: <none>

TIMING-17#1 Critical Warning
Non-clocked sequential cell  
The clock pin joystick_input/PmodJSTK_Int/SPI_Ctrl/DOUT_reg[16]/C is not reached by a timing clock
Related violations: <none>

TIMING-17#2 Critical Warning
Non-clocked sequential cell  
The clock pin joystick_input/PmodJSTK_Int/SPI_Ctrl/DOUT_reg[17]/C is not reached by a timing clock
Related violations: <none>

TIMING-17#3 Critical Warning
Non-clocked sequential cell  
The clock pin joystick_input/PmodJSTK_Int/SPI_Ctrl/DOUT_reg[18]/C is not reached by a timing clock
Related violations: <none>

TIMING-17#4 Critical Warning
Non-clocked sequential cell  
The clock pin joystick_input/PmodJSTK_Int/SPI_Ctrl/DOUT_reg[19]/C is not reached by a timing clock
Related violations: <none>

TIMING-17#5 Critical Warning
Non-clocked sequential cell  
The clock pin joystick_input/PmodJSTK_Int/SPI_Ctrl/DOUT_reg[20]/C is not reached by a timing clock
Related violations: <none>

TIMING-17#6 Critical Warning
Non-clocked sequential cell  
The clock pin joystick_input/PmodJSTK_Int/SPI_Ctrl/DOUT_reg[21]/C is not reached by a timing clock
Related violations: <none>

TIMING-17#7 Critical Warning
Non-clocked sequential cell  
The clock pin joystick_input/PmodJSTK_Int/SPI_Ctrl/DOUT_reg[22]/C is not reached by a timing clock
Related violations: <none>

TIMING-17#8 Critical Warning
Non-clocked sequential cell  
The clock pin joystick_input/PmodJSTK_Int/SPI_Ctrl/DOUT_reg[23]/C is not reached by a timing clock
Related violations: <none>

TIMING-17#9 Critical Warning
Non-clocked sequential cell  
The clock pin joystick_input/PmodJSTK_Int/SPI_Ctrl/DOUT_reg[24]/C is not reached by a timing clock
Related violations: <none>

TIMING-17#10 Critical Warning
Non-clocked sequential cell  
The clock pin joystick_input/PmodJSTK_Int/SPI_Ctrl/DOUT_reg[25]/C is not reached by a timing clock
Related violations: <none>

TIMING-17#11 Critical Warning
Non-clocked sequential cell  
The clock pin joystick_input/PmodJSTK_Int/SPI_Ctrl/DOUT_reg[32]/C is not reached by a timing clock
Related violations: <none>

TIMING-17#12 Critical Warning
Non-clocked sequential cell  
The clock pin joystick_input/PmodJSTK_Int/SPI_Ctrl/DOUT_reg[33]/C is not reached by a timing clock
Related violations: <none>

TIMING-17#13 Critical Warning
Non-clocked sequential cell  
The clock pin joystick_input/PmodJSTK_Int/SPI_Ctrl/DOUT_reg[34]/C is not reached by a timing clock
Related violations: <none>

TIMING-17#14 Critical Warning
Non-clocked sequential cell  
The clock pin joystick_input/PmodJSTK_Int/SPI_Ctrl/DOUT_reg[35]/C is not reached by a timing clock
Related violations: <none>

TIMING-17#15 Critical Warning
Non-clocked sequential cell  
The clock pin joystick_input/PmodJSTK_Int/SPI_Ctrl/DOUT_reg[36]/C is not reached by a timing clock
Related violations: <none>

TIMING-17#16 Critical Warning
Non-clocked sequential cell  
The clock pin joystick_input/PmodJSTK_Int/SPI_Ctrl/DOUT_reg[37]/C is not reached by a timing clock
Related violations: <none>

TIMING-17#17 Critical Warning
Non-clocked sequential cell  
The clock pin joystick_input/PmodJSTK_Int/SPI_Ctrl/DOUT_reg[38]/C is not reached by a timing clock
Related violations: <none>

TIMING-17#18 Critical Warning
Non-clocked sequential cell  
The clock pin joystick_input/PmodJSTK_Int/SPI_Ctrl/DOUT_reg[39]/C is not reached by a timing clock
Related violations: <none>

TIMING-17#19 Critical Warning
Non-clocked sequential cell  
The clock pin joystick_input/PmodJSTK_Int/SPI_Ctrl/DOUT_reg[8]/C is not reached by a timing clock
Related violations: <none>

TIMING-17#20 Critical Warning
Non-clocked sequential cell  
The clock pin joystick_input/PmodJSTK_Int/SPI_Ctrl/DOUT_reg[9]/C is not reached by a timing clock
Related violations: <none>

TIMING-17#21 Critical Warning
Non-clocked sequential cell  
The clock pin joystick_input/PmodJSTK_Int/SPI_Ctrl/FSM_onehot_pState_reg[0]/C is not reached by a timing clock
Related violations: <none>

TIMING-17#22 Critical Warning
Non-clocked sequential cell  
The clock pin joystick_input/PmodJSTK_Int/SPI_Ctrl/FSM_onehot_pState_reg[1]/C is not reached by a timing clock
Related violations: <none>

TIMING-17#23 Critical Warning
Non-clocked sequential cell  
The clock pin joystick_input/PmodJSTK_Int/SPI_Ctrl/FSM_onehot_pState_reg[2]/C is not reached by a timing clock
Related violations: <none>

TIMING-17#24 Critical Warning
Non-clocked sequential cell  
The clock pin joystick_input/PmodJSTK_Int/SPI_Ctrl/FSM_onehot_pState_reg[3]/C is not reached by a timing clock
Related violations: <none>

TIMING-17#25 Critical Warning
Non-clocked sequential cell  
The clock pin joystick_input/PmodJSTK_Int/SPI_Ctrl/FSM_onehot_pState_reg[4]/C is not reached by a timing clock
Related violations: <none>

TIMING-17#26 Critical Warning
Non-clocked sequential cell  
The clock pin joystick_input/PmodJSTK_Int/SPI_Ctrl/SS_reg/C is not reached by a timing clock
Related violations: <none>

TIMING-17#27 Critical Warning
Non-clocked sequential cell  
The clock pin joystick_input/PmodJSTK_Int/SPI_Ctrl/byteCnt_reg[0]/C is not reached by a timing clock
Related violations: <none>

TIMING-17#28 Critical Warning
Non-clocked sequential cell  
The clock pin joystick_input/PmodJSTK_Int/SPI_Ctrl/byteCnt_reg[1]/C is not reached by a timing clock
Related violations: <none>

TIMING-17#29 Critical Warning
Non-clocked sequential cell  
The clock pin joystick_input/PmodJSTK_Int/SPI_Ctrl/byteCnt_reg[2]/C is not reached by a timing clock
Related violations: <none>

TIMING-17#30 Critical Warning
Non-clocked sequential cell  
The clock pin joystick_input/PmodJSTK_Int/SPI_Ctrl/getByte_reg/C is not reached by a timing clock
Related violations: <none>

TIMING-17#31 Critical Warning
Non-clocked sequential cell  
The clock pin joystick_input/PmodJSTK_Int/SPI_Ctrl/tmpSR_reg[0]/C is not reached by a timing clock
Related violations: <none>

TIMING-17#32 Critical Warning
Non-clocked sequential cell  
The clock pin joystick_input/PmodJSTK_Int/SPI_Ctrl/tmpSR_reg[10]/C is not reached by a timing clock
Related violations: <none>

TIMING-17#33 Critical Warning
Non-clocked sequential cell  
The clock pin joystick_input/PmodJSTK_Int/SPI_Ctrl/tmpSR_reg[11]/C is not reached by a timing clock
Related violations: <none>

TIMING-17#34 Critical Warning
Non-clocked sequential cell  
The clock pin joystick_input/PmodJSTK_Int/SPI_Ctrl/tmpSR_reg[12]/C is not reached by a timing clock
Related violations: <none>

TIMING-17#35 Critical Warning
Non-clocked sequential cell  
The clock pin joystick_input/PmodJSTK_Int/SPI_Ctrl/tmpSR_reg[13]/C is not reached by a timing clock
Related violations: <none>

TIMING-17#36 Critical Warning
Non-clocked sequential cell  
The clock pin joystick_input/PmodJSTK_Int/SPI_Ctrl/tmpSR_reg[14]/C is not reached by a timing clock
Related violations: <none>

TIMING-17#37 Critical Warning
Non-clocked sequential cell  
The clock pin joystick_input/PmodJSTK_Int/SPI_Ctrl/tmpSR_reg[15]/C is not reached by a timing clock
Related violations: <none>

TIMING-17#38 Critical Warning
Non-clocked sequential cell  
The clock pin joystick_input/PmodJSTK_Int/SPI_Ctrl/tmpSR_reg[16]/C is not reached by a timing clock
Related violations: <none>

TIMING-17#39 Critical Warning
Non-clocked sequential cell  
The clock pin joystick_input/PmodJSTK_Int/SPI_Ctrl/tmpSR_reg[17]/C is not reached by a timing clock
Related violations: <none>

TIMING-17#40 Critical Warning
Non-clocked sequential cell  
The clock pin joystick_input/PmodJSTK_Int/SPI_Ctrl/tmpSR_reg[18]/C is not reached by a timing clock
Related violations: <none>

TIMING-17#41 Critical Warning
Non-clocked sequential cell  
The clock pin joystick_input/PmodJSTK_Int/SPI_Ctrl/tmpSR_reg[19]/C is not reached by a timing clock
Related violations: <none>

TIMING-17#42 Critical Warning
Non-clocked sequential cell  
The clock pin joystick_input/PmodJSTK_Int/SPI_Ctrl/tmpSR_reg[1]/C is not reached by a timing clock
Related violations: <none>

TIMING-17#43 Critical Warning
Non-clocked sequential cell  
The clock pin joystick_input/PmodJSTK_Int/SPI_Ctrl/tmpSR_reg[20]/C is not reached by a timing clock
Related violations: <none>

TIMING-17#44 Critical Warning
Non-clocked sequential cell  
The clock pin joystick_input/PmodJSTK_Int/SPI_Ctrl/tmpSR_reg[21]/C is not reached by a timing clock
Related violations: <none>

TIMING-17#45 Critical Warning
Non-clocked sequential cell  
The clock pin joystick_input/PmodJSTK_Int/SPI_Ctrl/tmpSR_reg[22]/C is not reached by a timing clock
Related violations: <none>

TIMING-17#46 Critical Warning
Non-clocked sequential cell  
The clock pin joystick_input/PmodJSTK_Int/SPI_Ctrl/tmpSR_reg[23]/C is not reached by a timing clock
Related violations: <none>

TIMING-17#47 Critical Warning
Non-clocked sequential cell  
The clock pin joystick_input/PmodJSTK_Int/SPI_Ctrl/tmpSR_reg[24]/C is not reached by a timing clock
Related violations: <none>

TIMING-17#48 Critical Warning
Non-clocked sequential cell  
The clock pin joystick_input/PmodJSTK_Int/SPI_Ctrl/tmpSR_reg[25]/C is not reached by a timing clock
Related violations: <none>

TIMING-17#49 Critical Warning
Non-clocked sequential cell  
The clock pin joystick_input/PmodJSTK_Int/SPI_Ctrl/tmpSR_reg[26]/C is not reached by a timing clock
Related violations: <none>

TIMING-17#50 Critical Warning
Non-clocked sequential cell  
The clock pin joystick_input/PmodJSTK_Int/SPI_Ctrl/tmpSR_reg[27]/C is not reached by a timing clock
Related violations: <none>

TIMING-17#51 Critical Warning
Non-clocked sequential cell  
The clock pin joystick_input/PmodJSTK_Int/SPI_Ctrl/tmpSR_reg[28]/C is not reached by a timing clock
Related violations: <none>

TIMING-17#52 Critical Warning
Non-clocked sequential cell  
The clock pin joystick_input/PmodJSTK_Int/SPI_Ctrl/tmpSR_reg[29]/C is not reached by a timing clock
Related violations: <none>

TIMING-17#53 Critical Warning
Non-clocked sequential cell  
The clock pin joystick_input/PmodJSTK_Int/SPI_Ctrl/tmpSR_reg[2]/C is not reached by a timing clock
Related violations: <none>

TIMING-17#54 Critical Warning
Non-clocked sequential cell  
The clock pin joystick_input/PmodJSTK_Int/SPI_Ctrl/tmpSR_reg[30]/C is not reached by a timing clock
Related violations: <none>

TIMING-17#55 Critical Warning
Non-clocked sequential cell  
The clock pin joystick_input/PmodJSTK_Int/SPI_Ctrl/tmpSR_reg[31]/C is not reached by a timing clock
Related violations: <none>

TIMING-17#56 Critical Warning
Non-clocked sequential cell  
The clock pin joystick_input/PmodJSTK_Int/SPI_Ctrl/tmpSR_reg[32]/C is not reached by a timing clock
Related violations: <none>

TIMING-17#57 Critical Warning
Non-clocked sequential cell  
The clock pin joystick_input/PmodJSTK_Int/SPI_Ctrl/tmpSR_reg[33]/C is not reached by a timing clock
Related violations: <none>

TIMING-17#58 Critical Warning
Non-clocked sequential cell  
The clock pin joystick_input/PmodJSTK_Int/SPI_Ctrl/tmpSR_reg[34]/C is not reached by a timing clock
Related violations: <none>

TIMING-17#59 Critical Warning
Non-clocked sequential cell  
The clock pin joystick_input/PmodJSTK_Int/SPI_Ctrl/tmpSR_reg[35]/C is not reached by a timing clock
Related violations: <none>

TIMING-17#60 Critical Warning
Non-clocked sequential cell  
The clock pin joystick_input/PmodJSTK_Int/SPI_Ctrl/tmpSR_reg[36]/C is not reached by a timing clock
Related violations: <none>

TIMING-17#61 Critical Warning
Non-clocked sequential cell  
The clock pin joystick_input/PmodJSTK_Int/SPI_Ctrl/tmpSR_reg[37]/C is not reached by a timing clock
Related violations: <none>

TIMING-17#62 Critical Warning
Non-clocked sequential cell  
The clock pin joystick_input/PmodJSTK_Int/SPI_Ctrl/tmpSR_reg[38]/C is not reached by a timing clock
Related violations: <none>

TIMING-17#63 Critical Warning
Non-clocked sequential cell  
The clock pin joystick_input/PmodJSTK_Int/SPI_Ctrl/tmpSR_reg[39]/C is not reached by a timing clock
Related violations: <none>

TIMING-17#64 Critical Warning
Non-clocked sequential cell  
The clock pin joystick_input/PmodJSTK_Int/SPI_Ctrl/tmpSR_reg[3]/C is not reached by a timing clock
Related violations: <none>

TIMING-17#65 Critical Warning
Non-clocked sequential cell  
The clock pin joystick_input/PmodJSTK_Int/SPI_Ctrl/tmpSR_reg[4]/C is not reached by a timing clock
Related violations: <none>

TIMING-17#66 Critical Warning
Non-clocked sequential cell  
The clock pin joystick_input/PmodJSTK_Int/SPI_Ctrl/tmpSR_reg[5]/C is not reached by a timing clock
Related violations: <none>

TIMING-17#67 Critical Warning
Non-clocked sequential cell  
The clock pin joystick_input/PmodJSTK_Int/SPI_Ctrl/tmpSR_reg[6]/C is not reached by a timing clock
Related violations: <none>

TIMING-17#68 Critical Warning
Non-clocked sequential cell  
The clock pin joystick_input/PmodJSTK_Int/SPI_Ctrl/tmpSR_reg[7]/C is not reached by a timing clock
Related violations: <none>

TIMING-17#69 Critical Warning
Non-clocked sequential cell  
The clock pin joystick_input/PmodJSTK_Int/SPI_Ctrl/tmpSR_reg[8]/C is not reached by a timing clock
Related violations: <none>

TIMING-17#70 Critical Warning
Non-clocked sequential cell  
The clock pin joystick_input/PmodJSTK_Int/SPI_Ctrl/tmpSR_reg[9]/C is not reached by a timing clock
Related violations: <none>

TIMING-17#71 Critical Warning
Non-clocked sequential cell  
The clock pin joystick_input/PmodJSTK_Int/SPI_Int/BUSY_reg/C is not reached by a timing clock
Related violations: <none>

TIMING-17#72 Critical Warning
Non-clocked sequential cell  
The clock pin joystick_input/PmodJSTK_Int/SPI_Int/CE_reg/C is not reached by a timing clock
Related violations: <none>

TIMING-17#73 Critical Warning
Non-clocked sequential cell  
The clock pin joystick_input/PmodJSTK_Int/SPI_Int/FSM_sequential_pState_reg[0]/C is not reached by a timing clock
Related violations: <none>

TIMING-17#74 Critical Warning
Non-clocked sequential cell  
The clock pin joystick_input/PmodJSTK_Int/SPI_Int/FSM_sequential_pState_reg[1]/C is not reached by a timing clock
Related violations: <none>

TIMING-17#75 Critical Warning
Non-clocked sequential cell  
The clock pin joystick_input/PmodJSTK_Int/SPI_Int/bitCount_reg[0]/C is not reached by a timing clock
Related violations: <none>

TIMING-17#76 Critical Warning
Non-clocked sequential cell  
The clock pin joystick_input/PmodJSTK_Int/SPI_Int/bitCount_reg[1]/C is not reached by a timing clock
Related violations: <none>

TIMING-17#77 Critical Warning
Non-clocked sequential cell  
The clock pin joystick_input/PmodJSTK_Int/SPI_Int/bitCount_reg[2]/C is not reached by a timing clock
Related violations: <none>

TIMING-17#78 Critical Warning
Non-clocked sequential cell  
The clock pin joystick_input/PmodJSTK_Int/SPI_Int/bitCount_reg[3]/C is not reached by a timing clock
Related violations: <none>

TIMING-17#79 Critical Warning
Non-clocked sequential cell  
The clock pin joystick_input/PmodJSTK_Int/SPI_Int/bitCount_reg[4]/C is not reached by a timing clock
Related violations: <none>

TIMING-17#80 Critical Warning
Non-clocked sequential cell  
The clock pin joystick_input/PmodJSTK_Int/SPI_Int/rSR_reg[0]/C is not reached by a timing clock
Related violations: <none>

TIMING-17#81 Critical Warning
Non-clocked sequential cell  
The clock pin joystick_input/PmodJSTK_Int/SPI_Int/rSR_reg[1]/C is not reached by a timing clock
Related violations: <none>

TIMING-17#82 Critical Warning
Non-clocked sequential cell  
The clock pin joystick_input/PmodJSTK_Int/SPI_Int/rSR_reg[2]/C is not reached by a timing clock
Related violations: <none>

TIMING-17#83 Critical Warning
Non-clocked sequential cell  
The clock pin joystick_input/PmodJSTK_Int/SPI_Int/rSR_reg[3]/C is not reached by a timing clock
Related violations: <none>

TIMING-17#84 Critical Warning
Non-clocked sequential cell  
The clock pin joystick_input/PmodJSTK_Int/SPI_Int/rSR_reg[4]/C is not reached by a timing clock
Related violations: <none>

TIMING-17#85 Critical Warning
Non-clocked sequential cell  
The clock pin joystick_input/PmodJSTK_Int/SPI_Int/rSR_reg[5]/C is not reached by a timing clock
Related violations: <none>

TIMING-17#86 Critical Warning
Non-clocked sequential cell  
The clock pin joystick_input/PmodJSTK_Int/SPI_Int/rSR_reg[6]/C is not reached by a timing clock
Related violations: <none>

TIMING-17#87 Critical Warning
Non-clocked sequential cell  
The clock pin joystick_input/PmodJSTK_Int/SPI_Int/rSR_reg[7]/C is not reached by a timing clock
Related violations: <none>

TIMING-17#88 Critical Warning
Non-clocked sequential cell  
The clock pin x/control/FSM_sequential_present_state_reg[0]/C is not reached by a timing clock
Related violations: <none>

TIMING-17#89 Critical Warning
Non-clocked sequential cell  
The clock pin x/control/FSM_sequential_present_state_reg[1]/C is not reached by a timing clock
Related violations: <none>

TIMING-17#90 Critical Warning
Non-clocked sequential cell  
The clock pin x/control/FSM_sequential_present_state_reg[2]/C is not reached by a timing clock
Related violations: <none>

TIMING-17#91 Critical Warning
Non-clocked sequential cell  
The clock pin x/control/signal_reg[0]/C is not reached by a timing clock
Related violations: <none>

TIMING-17#92 Critical Warning
Non-clocked sequential cell  
The clock pin x/control/signal_reg[1]/C is not reached by a timing clock
Related violations: <none>

TIMING-17#93 Critical Warning
Non-clocked sequential cell  
The clock pin x/control/signal_reg[2]/C is not reached by a timing clock
Related violations: <none>

TIMING-17#94 Critical Warning
Non-clocked sequential cell  
The clock pin x/control/signal_reg[3]/C is not reached by a timing clock
Related violations: <none>

TIMING-17#95 Critical Warning
Non-clocked sequential cell  
The clock pin y/control/FSM_sequential_present_state_reg[0]/C is not reached by a timing clock
Related violations: <none>

TIMING-17#96 Critical Warning
Non-clocked sequential cell  
The clock pin y/control/FSM_sequential_present_state_reg[1]/C is not reached by a timing clock
Related violations: <none>

TIMING-17#97 Critical Warning
Non-clocked sequential cell  
The clock pin y/control/FSM_sequential_present_state_reg[2]/C is not reached by a timing clock
Related violations: <none>

TIMING-17#98 Critical Warning
Non-clocked sequential cell  
The clock pin y/control/signal_reg[0]/C is not reached by a timing clock
Related violations: <none>

TIMING-17#99 Critical Warning
Non-clocked sequential cell  
The clock pin y/control/signal_reg[1]/C is not reached by a timing clock
Related violations: <none>

TIMING-17#100 Critical Warning
Non-clocked sequential cell  
The clock pin y/control/signal_reg[2]/C is not reached by a timing clock
Related violations: <none>

TIMING-17#101 Critical Warning
Non-clocked sequential cell  
The clock pin y/control/signal_reg[3]/C is not reached by a timing clock
Related violations: <none>

TIMING-27#1 Critical Warning
Invalid primary clock on hierarchical pin  
A primary clock EMBSYS/clk_wiz_1/inst/clk_in1 is created on an inappropriate internal pin EMBSYS/clk_wiz_1/inst/clk_in1. It is not recommended to create a primary clock on a hierarchical pin when its driver pin has a fanout connected to multiple clock pins
Related violations: <none>

TIMING-54#1 Critical Warning
Scoped false path or clock group constraint between clocks  
A scoped Clock Group timing constraint is set between clocks EMBSYS/mdm_1/U0/Use_E2.BSCAN_I/Use_E2.BSCANE2_I/DRCK and clk_out1_embsys_clk_wiz_1_0 (see constraint position 7 in the Timing Constraint window in Vivado IDE). It is not recommended to define such scoped constraints between clocks as the constraint impacts timing paths outside of the scope. 
Related violations: <none>

TIMING-54#2 Critical Warning
Scoped false path or clock group constraint between clocks  
A scoped Clock Group timing constraint is set between clocks EMBSYS/mdm_1/U0/Use_E2.BSCAN_I/Use_E2.BSCANE2_I/UPDATE and clk_out1_embsys_clk_wiz_1_0 (see constraint position 8 in the Timing Constraint window in Vivado IDE). It is not recommended to define such scoped constraints between clocks as the constraint impacts timing paths outside of the scope. 
Related violations: <none>

LUTAR-1#1 Warning
LUT drives async reset alert  
LUT cell EMBSYS/mdm_1/U0/MDM_Core_I1/JTAG_CONTROL_I/Use_BSCAN.FDC_I/Use_UART.execute_i_2, with 2 or more inputs, drives asynchronous preset/clear pin(s) EMBSYS/mdm_1/U0/MDM_Core_I1/JTAG_CONTROL_I/Use_UART.execute_reg/CLR. The LUT may glitch and trigger an unexpected reset, even if it is a properly timed path.
Related violations: <none>

LUTAR-1#2 Warning
LUT drives async reset alert  
LUT cell EMBSYS/mdm_1/U0/MDM_Core_I1/JTAG_CONTROL_I/sel_n_i_2, with 2 or more inputs, drives asynchronous preset/clear pin(s) EMBSYS/mdm_1/U0/MDM_Core_I1/JTAG_CONTROL_I/sel_n_reg/PRE. The LUT may glitch and trigger an unexpected reset, even if it is a properly timed path.
Related violations: <none>

PDRC-190#1 Warning
Suboptimally placed synchronized register chain  
The FDRE cell EMBSYS/PmodOLEDrgb_0/inst/axi_quad_spi_0/U0/NO_DUAL_QUAD_MODE.QSPI_NORMAL/QSPI_LEGACY_MD_GEN.QSPI_CORE_INTERFACE_I/FIFO_EXISTS.CLK_CROSS_I/LOGIC_GENERATION_CDC.RX_FIFO_RST_AX2S_1/GENERATE_LEVEL_P_S_CDC.SINGLE_BIT.CROSS_PLEVEL_IN2SCNDRY_IN_cdc_to in site SLICE_X13Y129 is part of a synchronized register chain that is suboptimally placed as the load FDRE cell EMBSYS/PmodOLEDrgb_0/inst/axi_quad_spi_0/U0/NO_DUAL_QUAD_MODE.QSPI_NORMAL/QSPI_LEGACY_MD_GEN.QSPI_CORE_INTERFACE_I/FIFO_EXISTS.CLK_CROSS_I/LOGIC_GENERATION_CDC.RX_FIFO_RST_AX2S_1_CDC_1 is not placed in the same (SLICE) site.
Related violations: <none>

TIMING-9#1 Warning
Unknown CDC Logic  
One or more asynchronous Clock Domain Crossing has been detected between 2 clock domains through a set_false_path or a set_clock_groups or set_max_delay -datapath_only constraint but no double-registers logic synchronizer has been found on the side of the capture clock. It is recommended to run report_cdc for a complete and detailed CDC coverage. Please consider using XPM_CDC to avoid Critical severities
Related violations: <none>

TIMING-18#1 Warning
Missing input or output delay  
An input delay is missing on JB[0] relative to clock(s) EMBSYS/clk_wiz_1/inst/clk_in1
Related violations: <none>

TIMING-18#2 Warning
Missing input or output delay  
An input delay is missing on JB[1] relative to clock(s) EMBSYS/clk_wiz_1/inst/clk_in1
Related violations: <none>

TIMING-18#3 Warning
Missing input or output delay  
An input delay is missing on JB[2] relative to clock(s) EMBSYS/clk_wiz_1/inst/clk_in1
Related violations: <none>

TIMING-18#4 Warning
Missing input or output delay  
An input delay is missing on JB[3] relative to clock(s) EMBSYS/clk_wiz_1/inst/clk_in1
Related violations: <none>

TIMING-18#5 Warning
Missing input or output delay  
An input delay is missing on JB[4] relative to clock(s) EMBSYS/clk_wiz_1/inst/clk_in1
Related violations: <none>

TIMING-18#6 Warning
Missing input or output delay  
An input delay is missing on JB[5] relative to clock(s) EMBSYS/clk_wiz_1/inst/clk_in1
Related violations: <none>

TIMING-18#7 Warning
Missing input or output delay  
An input delay is missing on JB[6] relative to clock(s) EMBSYS/clk_wiz_1/inst/clk_in1
Related violations: <none>

TIMING-18#8 Warning
Missing input or output delay  
An input delay is missing on JB[7] relative to clock(s) EMBSYS/clk_wiz_1/inst/clk_in1
Related violations: <none>

TIMING-18#9 Warning
Missing input or output delay  
An input delay is missing on btnC relative to clock(s) EMBSYS/clk_wiz_1/inst/clk_in1
Related violations: <none>

TIMING-18#10 Warning
Missing input or output delay  
An input delay is missing on btnD relative to clock(s) EMBSYS/clk_wiz_1/inst/clk_in1
Related violations: <none>

TIMING-18#11 Warning
Missing input or output delay  
An input delay is missing on btnL relative to clock(s) EMBSYS/clk_wiz_1/inst/clk_in1
Related violations: <none>

TIMING-18#12 Warning
Missing input or output delay  
An input delay is missing on btnR relative to clock(s) EMBSYS/clk_wiz_1/inst/clk_in1
Related violations: <none>

TIMING-18#13 Warning
Missing input or output delay  
An input delay is missing on btnU relative to clock(s) EMBSYS/clk_wiz_1/inst/clk_in1
Related violations: <none>

TIMING-18#14 Warning
Missing input or output delay  
An input delay is missing on rst relative to clock(s) EMBSYS/clk_wiz_1/inst/clk_in1, sys_clk_pin
Related violations: <none>

TIMING-18#15 Warning
Missing input or output delay  
An input delay is missing on sw[10] relative to clock(s) EMBSYS/clk_wiz_1/inst/clk_in1
Related violations: <none>

TIMING-18#16 Warning
Missing input or output delay  
An input delay is missing on sw[11] relative to clock(s) EMBSYS/clk_wiz_1/inst/clk_in1
Related violations: <none>

TIMING-18#17 Warning
Missing input or output delay  
An input delay is missing on sw[12] relative to clock(s) EMBSYS/clk_wiz_1/inst/clk_in1
Related violations: <none>

TIMING-18#18 Warning
Missing input or output delay  
An input delay is missing on sw[13] relative to clock(s) EMBSYS/clk_wiz_1/inst/clk_in1
Related violations: <none>

TIMING-18#19 Warning
Missing input or output delay  
An input delay is missing on sw[14] relative to clock(s) EMBSYS/clk_wiz_1/inst/clk_in1
Related violations: <none>

TIMING-18#20 Warning
Missing input or output delay  
An input delay is missing on sw[15] relative to clock(s) EMBSYS/clk_wiz_1/inst/clk_in1
Related violations: <none>

TIMING-18#21 Warning
Missing input or output delay  
An input delay is missing on sw[2] relative to clock(s) EMBSYS/clk_wiz_1/inst/clk_in1
Related violations: <none>

TIMING-18#22 Warning
Missing input or output delay  
An input delay is missing on sw[3] relative to clock(s) EMBSYS/clk_wiz_1/inst/clk_in1
Related violations: <none>

TIMING-18#23 Warning
Missing input or output delay  
An input delay is missing on sw[4] relative to clock(s) EMBSYS/clk_wiz_1/inst/clk_in1
Related violations: <none>

TIMING-18#24 Warning
Missing input or output delay  
An input delay is missing on sw[5] relative to clock(s) EMBSYS/clk_wiz_1/inst/clk_in1
Related violations: <none>

TIMING-18#25 Warning
Missing input or output delay  
An input delay is missing on sw[6] relative to clock(s) EMBSYS/clk_wiz_1/inst/clk_in1
Related violations: <none>

TIMING-18#26 Warning
Missing input or output delay  
An input delay is missing on sw[7] relative to clock(s) EMBSYS/clk_wiz_1/inst/clk_in1
Related violations: <none>

TIMING-18#27 Warning
Missing input or output delay  
An input delay is missing on sw[8] relative to clock(s) EMBSYS/clk_wiz_1/inst/clk_in1
Related violations: <none>

TIMING-18#28 Warning
Missing input or output delay  
An input delay is missing on sw[9] relative to clock(s) EMBSYS/clk_wiz_1/inst/clk_in1
Related violations: <none>

TIMING-18#29 Warning
Missing input or output delay  
An input delay is missing on uart_rtl_rxd relative to clock(s) EMBSYS/clk_wiz_1/inst/clk_in1
Related violations: <none>

TIMING-18#30 Warning
Missing input or output delay  
An output delay is missing on JC_jstk_input_sclk_3 relative to clock(s) sys_clk_pin
Related violations: <none>

TIMING-18#31 Warning
Missing input or output delay  
An output delay is missing on an[0] relative to clock(s) EMBSYS/clk_wiz_1/inst/clk_in1
Related violations: <none>

TIMING-18#32 Warning
Missing input or output delay  
An output delay is missing on an[1] relative to clock(s) EMBSYS/clk_wiz_1/inst/clk_in1
Related violations: <none>

TIMING-18#33 Warning
Missing input or output delay  
An output delay is missing on an[2] relative to clock(s) EMBSYS/clk_wiz_1/inst/clk_in1
Related violations: <none>

TIMING-18#34 Warning
Missing input or output delay  
An output delay is missing on an[3] relative to clock(s) EMBSYS/clk_wiz_1/inst/clk_in1
Related violations: <none>

TIMING-18#35 Warning
Missing input or output delay  
An output delay is missing on an[4] relative to clock(s) EMBSYS/clk_wiz_1/inst/clk_in1
Related violations: <none>

TIMING-18#36 Warning
Missing input or output delay  
An output delay is missing on an[5] relative to clock(s) EMBSYS/clk_wiz_1/inst/clk_in1
Related violations: <none>

TIMING-18#37 Warning
Missing input or output delay  
An output delay is missing on an[6] relative to clock(s) EMBSYS/clk_wiz_1/inst/clk_in1
Related violations: <none>

TIMING-18#38 Warning
Missing input or output delay  
An output delay is missing on an[7] relative to clock(s) EMBSYS/clk_wiz_1/inst/clk_in1
Related violations: <none>

TIMING-18#39 Warning
Missing input or output delay  
An output delay is missing on dp relative to clock(s) EMBSYS/clk_wiz_1/inst/clk_in1
Related violations: <none>

TIMING-18#40 Warning
Missing input or output delay  
An output delay is missing on led[0] relative to clock(s) EMBSYS/clk_wiz_1/inst/clk_in1
Related violations: <none>

TIMING-18#41 Warning
Missing input or output delay  
An output delay is missing on led[10] relative to clock(s) EMBSYS/clk_wiz_1/inst/clk_in1
Related violations: <none>

TIMING-18#42 Warning
Missing input or output delay  
An output delay is missing on led[11] relative to clock(s) EMBSYS/clk_wiz_1/inst/clk_in1
Related violations: <none>

TIMING-18#43 Warning
Missing input or output delay  
An output delay is missing on led[12] relative to clock(s) EMBSYS/clk_wiz_1/inst/clk_in1
Related violations: <none>

TIMING-18#44 Warning
Missing input or output delay  
An output delay is missing on led[13] relative to clock(s) EMBSYS/clk_wiz_1/inst/clk_in1
Related violations: <none>

TIMING-18#45 Warning
Missing input or output delay  
An output delay is missing on led[14] relative to clock(s) EMBSYS/clk_wiz_1/inst/clk_in1
Related violations: <none>

TIMING-18#46 Warning
Missing input or output delay  
An output delay is missing on led[15] relative to clock(s) EMBSYS/clk_wiz_1/inst/clk_in1
Related violations: <none>

TIMING-18#47 Warning
Missing input or output delay  
An output delay is missing on led[1] relative to clock(s) EMBSYS/clk_wiz_1/inst/clk_in1
Related violations: <none>

TIMING-18#48 Warning
Missing input or output delay  
An output delay is missing on led[2] relative to clock(s) EMBSYS/clk_wiz_1/inst/clk_in1
Related violations: <none>

TIMING-18#49 Warning
Missing input or output delay  
An output delay is missing on led[3] relative to clock(s) EMBSYS/clk_wiz_1/inst/clk_in1
Related violations: <none>

TIMING-18#50 Warning
Missing input or output delay  
An output delay is missing on led[4] relative to clock(s) EMBSYS/clk_wiz_1/inst/clk_in1
Related violations: <none>

TIMING-18#51 Warning
Missing input or output delay  
An output delay is missing on led[5] relative to clock(s) EMBSYS/clk_wiz_1/inst/clk_in1
Related violations: <none>

TIMING-18#52 Warning
Missing input or output delay  
An output delay is missing on led[6] relative to clock(s) EMBSYS/clk_wiz_1/inst/clk_in1
Related violations: <none>

TIMING-18#53 Warning
Missing input or output delay  
An output delay is missing on led[7] relative to clock(s) EMBSYS/clk_wiz_1/inst/clk_in1
Related violations: <none>

TIMING-18#54 Warning
Missing input or output delay  
An output delay is missing on led[8] relative to clock(s) EMBSYS/clk_wiz_1/inst/clk_in1
Related violations: <none>

TIMING-18#55 Warning
Missing input or output delay  
An output delay is missing on led[9] relative to clock(s) EMBSYS/clk_wiz_1/inst/clk_in1
Related violations: <none>

TIMING-18#56 Warning
Missing input or output delay  
An output delay is missing on seg[0] relative to clock(s) EMBSYS/clk_wiz_1/inst/clk_in1
Related violations: <none>

TIMING-18#57 Warning
Missing input or output delay  
An output delay is missing on seg[1] relative to clock(s) EMBSYS/clk_wiz_1/inst/clk_in1
Related violations: <none>

TIMING-18#58 Warning
Missing input or output delay  
An output delay is missing on seg[2] relative to clock(s) EMBSYS/clk_wiz_1/inst/clk_in1
Related violations: <none>

TIMING-18#59 Warning
Missing input or output delay  
An output delay is missing on seg[3] relative to clock(s) EMBSYS/clk_wiz_1/inst/clk_in1
Related violations: <none>

TIMING-18#60 Warning
Missing input or output delay  
An output delay is missing on seg[4] relative to clock(s) EMBSYS/clk_wiz_1/inst/clk_in1
Related violations: <none>

TIMING-18#61 Warning
Missing input or output delay  
An output delay is missing on seg[5] relative to clock(s) EMBSYS/clk_wiz_1/inst/clk_in1
Related violations: <none>

TIMING-18#62 Warning
Missing input or output delay  
An output delay is missing on seg[6] relative to clock(s) EMBSYS/clk_wiz_1/inst/clk_in1
Related violations: <none>

TIMING-18#63 Warning
Missing input or output delay  
An output delay is missing on uart_rtl_txd relative to clock(s) EMBSYS/clk_wiz_1/inst/clk_in1
Related violations: <none>


