Vivado Simulator 2020.2
Copyright 1986-1999, 2001-2020 Xilinx, Inc. All Rights Reserved.
Running: D:/Xilinx/Vivado/2020.2/bin/unwrapped/win64.o/xelab.exe -wto b855b31a190c4d1183bac442d2b87660 --incr --debug typical --relax --mt 2 -L xil_defaultlib -L unisims_ver -L secureip --snapshot nexysA7fpga_func_impl xil_defaultlib.nexysA7fpga xil_defaultlib.glbl -log elaborate.log 
Using 2 slave threads.
Starting static elaboration
Pass Through NonSizing Optimizer
Completed static elaboration
Starting simulation data flow analysis
Completed simulation data flow analysis
Time Resolution for simulation is 1ps
Compiling module unisims_ver.LUT6
Compiling module unisims_ver.LUT4
Compiling module unisims_ver.FDSE_default
Compiling module unisims_ver.FDRE_default
Compiling module unisims_ver.x_lut1_mux2
Compiling module unisims_ver.LUT1
Compiling module unisims_ver.x_lut2_mux4
Compiling module unisims_ver.LUT2
Compiling module unisims_ver.x_lut3_mux8
Compiling module unisims_ver.LUT3
Compiling module unisims_ver.LUT5
Compiling module xil_defaultlib.embsys_PmodENC_0_0_address_decod...
Compiling module xil_defaultlib.embsys_PmodENC_0_0_slave_attachm...
Compiling module xil_defaultlib.embsys_PmodENC_0_0_axi_lite_ipif
Compiling module xil_defaultlib.embsys_PmodENC_0_0_cdc_sync
Compiling module xil_defaultlib.embsys_PmodENC_0_0_GPIO_Core
Compiling module xil_defaultlib.embsys_PmodENC_0_0_axi_gpio
Compiling module xil_defaultlib.embsys_PmodENC_0_0_PmodENC_axi_g...
Compiling module xil_defaultlib.embsys_PmodENC_0_0_pmod_concat
Compiling module xil_defaultlib.embsys_PmodENC_0_0_PmodENC_pmod_...
Compiling module xil_defaultlib.embsys_PmodENC_0_0_PmodENC_xlcon...
Compiling module xil_defaultlib.embsys_PmodENC_0_0_PmodENC_xlsli...
Compiling module xil_defaultlib.embsys_PmodENC_0_0_PmodENC_xlsli...
Compiling module xil_defaultlib.embsys_PmodENC_0_0_PmodENC_xlsli...
Compiling module xil_defaultlib.embsys_PmodENC_0_0_PmodENC_xlsli...
Compiling module xil_defaultlib.embsys_PmodENC_0_0_PmodENC
Compiling module xil_defaultlib.embsys_PmodENC_0_0
Compiling module xil_defaultlib.embsys_PmodOLEDrgb_0_0_address_d...
Compiling module xil_defaultlib.embsys_PmodOLEDrgb_0_0_slave_att...
Compiling module xil_defaultlib.embsys_PmodOLEDrgb_0_0_axi_lite_...
Compiling module xil_defaultlib.embsys_PmodOLEDrgb_0_0_cdc_sync
Compiling module xil_defaultlib.embsys_PmodOLEDrgb_0_0_GPIO_Core
Compiling module xil_defaultlib.embsys_PmodOLEDrgb_0_0_axi_gpio
Compiling module xil_defaultlib.embsys_PmodOLEDrgb_0_0_PmodOLEDr...
Compiling module xil_defaultlib.embsys_PmodOLEDrgb_0_0_axi_lite_...
Compiling module xil_defaultlib.embsys_PmodOLEDrgb_0_0_axi_lite_...
Compiling module xil_defaultlib.embsys_PmodOLEDrgb_0_0_axi_lite_...
Compiling module xil_defaultlib.embsys_PmodOLEDrgb_0_0_axi_lite_...
Compiling module xil_defaultlib.embsys_PmodOLEDrgb_0_0_axi_lite_...
Compiling module xil_defaultlib.embsys_PmodOLEDrgb_0_0_axi_lite_...
Compiling module xil_defaultlib.embsys_PmodOLEDrgb_0_0_axi_lite_...
Compiling module xil_defaultlib.embsys_PmodOLEDrgb_0_0_axi_lite_...
Compiling module xil_defaultlib.embsys_PmodOLEDrgb_0_0_axi_lite_...
Compiling module xil_defaultlib.embsys_PmodOLEDrgb_0_0_axi_lite_...
Compiling module xil_defaultlib.embsys_PmodOLEDrgb_0_0_axi_lite_...
Compiling module xil_defaultlib.embsys_PmodOLEDrgb_0_0_axi_lite_...
Compiling module xil_defaultlib.embsys_PmodOLEDrgb_0_0_axi_lite_...
Compiling module xil_defaultlib.embsys_PmodOLEDrgb_0_0_axi_lite_...
Compiling module xil_defaultlib.embsys_PmodOLEDrgb_0_0_axi_lite_...
Compiling module xil_defaultlib.embsys_PmodOLEDrgb_0_0_axi_lite_...
Compiling module xil_defaultlib.embsys_PmodOLEDrgb_0_0_axi_lite_...
Compiling module xil_defaultlib.embsys_PmodOLEDrgb_0_0_axi_lite_...
Compiling module xil_defaultlib.embsys_PmodOLEDrgb_0_0_axi_lite_...
Compiling module xil_defaultlib.embsys_PmodOLEDrgb_0_0_address_d...
Compiling module xil_defaultlib.embsys_PmodOLEDrgb_0_0_slave_att...
Compiling module xil_defaultlib.embsys_PmodOLEDrgb_0_0_axi_lite_...
Compiling module xil_defaultlib.embsys_PmodOLEDrgb_0_0_qspi_cntr...
Compiling module xil_defaultlib.embsys_PmodOLEDrgb_0_0_cdc_sync_...
Compiling module xil_defaultlib.embsys_PmodOLEDrgb_0_0_cdc_sync_...
Compiling module xil_defaultlib.embsys_PmodOLEDrgb_0_0_cdc_sync_...
Compiling module xil_defaultlib.embsys_PmodOLEDrgb_0_0_cdc_sync_...
Compiling module xil_defaultlib.embsys_PmodOLEDrgb_0_0_cdc_sync_...
Compiling module xil_defaultlib.embsys_PmodOLEDrgb_0_0_cdc_sync_...
Compiling module xil_defaultlib.embsys_PmodOLEDrgb_0_0_cdc_sync_...
Compiling module xil_defaultlib.embsys_PmodOLEDrgb_0_0_cdc_sync_...
Compiling module xil_defaultlib.embsys_PmodOLEDrgb_0_0_cdc_sync_...
Compiling module xil_defaultlib.embsys_PmodOLEDrgb_0_0_cdc_sync_...
Compiling module xil_defaultlib.embsys_PmodOLEDrgb_0_0_cdc_sync_...
Compiling module xil_defaultlib.embsys_PmodOLEDrgb_0_0_cdc_sync_...
Compiling module xil_defaultlib.embsys_PmodOLEDrgb_0_0_cdc_sync_...
Compiling module xil_defaultlib.embsys_PmodOLEDrgb_0_0_cdc_sync_...
Compiling module xil_defaultlib.embsys_PmodOLEDrgb_0_0_cdc_sync_...
Compiling module xil_defaultlib.embsys_PmodOLEDrgb_0_0_cdc_sync_...
Compiling module xil_defaultlib.embsys_PmodOLEDrgb_0_0_cross_clk...
Compiling module xil_defaultlib.embsys_PmodOLEDrgb_0_0_qspi_fifo...
Compiling module xil_defaultlib.embsys_PmodOLEDrgb_0_0_cdc_sync_...
Compiling module xil_defaultlib.embsys_PmodOLEDrgb_0_0_cdc_sync_...
Compiling module xil_defaultlib.embsys_PmodOLEDrgb_0_0_xpm_count...
Compiling module xil_defaultlib.embsys_PmodOLEDrgb_0_0_xpm_cdc_g...
Compiling module xil_defaultlib.embsys_PmodOLEDrgb_0_0_xpm_fifo_...
Compiling module xil_defaultlib.embsys_PmodOLEDrgb_0_0_xpm_fifo_...
Compiling module xil_defaultlib.embsys_PmodOLEDrgb_0_0_xpm_fifo_...
Compiling module xil_defaultlib.embsys_PmodOLEDrgb_0_0_xpm_cdc_g...
Compiling module xil_defaultlib.embsys_PmodOLEDrgb_0_0_xpm_cdc_g...
Compiling module xil_defaultlib.embsys_PmodOLEDrgb_0_0_xpm_count...
Compiling module unisims_ver.RAM32M
Compiling module xil_defaultlib.embsys_PmodOLEDrgb_0_0_xpm_memor...
Compiling module xil_defaultlib.embsys_PmodOLEDrgb_0_0_xpm_count...
Compiling module xil_defaultlib.embsys_PmodOLEDrgb_0_0_xpm_count...
Compiling module xil_defaultlib.embsys_PmodOLEDrgb_0_0_xpm_fifo_...
Compiling module xil_defaultlib.embsys_PmodOLEDrgb_0_0_xpm_count...
Compiling module xil_defaultlib.embsys_PmodOLEDrgb_0_0_xpm_count...
Compiling module xil_defaultlib.embsys_PmodOLEDrgb_0_0_xpm_count...
Compiling module xil_defaultlib.embsys_PmodOLEDrgb_0_0_xpm_cdc_s...
Compiling module xil_defaultlib.embsys_PmodOLEDrgb_0_0_xpm_cdc_s...
Compiling module xil_defaultlib.embsys_PmodOLEDrgb_0_0_xpm_fifo_...
Compiling module xil_defaultlib.embsys_PmodOLEDrgb_0_0_xpm_fifo_...
Compiling module xil_defaultlib.embsys_PmodOLEDrgb_0_0_xpm_fifo_...
Compiling module xil_defaultlib.embsys_PmodOLEDrgb_0_0_counter_f
Compiling module xil_defaultlib.embsys_PmodOLEDrgb_0_0_xpm_count...
Compiling module xil_defaultlib.embsys_PmodOLEDrgb_0_0_xpm_cdc_g...
Compiling module xil_defaultlib.embsys_PmodOLEDrgb_0_0_xpm_cdc_g...
Compiling module xil_defaultlib.embsys_PmodOLEDrgb_0_0_xpm_fifo_...
Compiling module xil_defaultlib.embsys_PmodOLEDrgb_0_0_xpm_fifo_...
Compiling module xil_defaultlib.embsys_PmodOLEDrgb_0_0_xpm_fifo_...
Compiling module xil_defaultlib.embsys_PmodOLEDrgb_0_0_xpm_cdc_g...
Compiling module xil_defaultlib.embsys_PmodOLEDrgb_0_0_xpm_count...
Compiling module xil_defaultlib.embsys_PmodOLEDrgb_0_0_xpm_memor...
Compiling module xil_defaultlib.embsys_PmodOLEDrgb_0_0_xpm_count...
Compiling module xil_defaultlib.embsys_PmodOLEDrgb_0_0_xpm_count...
Compiling module xil_defaultlib.embsys_PmodOLEDrgb_0_0_xpm_fifo_...
Compiling module xil_defaultlib.embsys_PmodOLEDrgb_0_0_xpm_count...
Compiling module xil_defaultlib.embsys_PmodOLEDrgb_0_0_xpm_count...
Compiling module xil_defaultlib.embsys_PmodOLEDrgb_0_0_xpm_count...
Compiling module xil_defaultlib.embsys_PmodOLEDrgb_0_0_xpm_cdc_s...
Compiling module xil_defaultlib.embsys_PmodOLEDrgb_0_0_xpm_cdc_s...
Compiling module xil_defaultlib.embsys_PmodOLEDrgb_0_0_xpm_fifo_...
Compiling module xil_defaultlib.embsys_PmodOLEDrgb_0_0_xpm_fifo_...
Compiling module xil_defaultlib.embsys_PmodOLEDrgb_0_0_xpm_fifo_...
Compiling module xil_defaultlib.embsys_PmodOLEDrgb_0_0_async_fif...
Compiling module xil_defaultlib.embsys_PmodOLEDrgb_0_0_interrupt...
Compiling module xil_defaultlib.embsys_PmodOLEDrgb_0_0_qspi_mode...
Compiling module xil_defaultlib.embsys_PmodOLEDrgb_0_0_reset_syn...
Compiling module xil_defaultlib.embsys_PmodOLEDrgb_0_0_soft_rese...
Compiling module xil_defaultlib.embsys_PmodOLEDrgb_0_0_qspi_stat...
Compiling module xil_defaultlib.embsys_PmodOLEDrgb_0_0_qspi_core...
Compiling module xil_defaultlib.embsys_PmodOLEDrgb_0_0_axi_quad_...
Compiling module xil_defaultlib.embsys_PmodOLEDrgb_0_0_axi_quad_...
Compiling module xil_defaultlib.embsys_PmodOLEDrgb_0_0_PmodOLEDr...
Compiling module xil_defaultlib.embsys_PmodOLEDrgb_0_0_pmod_conc...
Compiling module xil_defaultlib.embsys_PmodOLEDrgb_0_0_PmodOLEDr...
Compiling module xil_defaultlib.embsys_PmodOLEDrgb_0_0_PmodOLEDr...
Compiling module xil_defaultlib.embsys_PmodOLEDrgb_0_0
Compiling module xil_defaultlib.embsys_axi_gpio_0_0_pselect_f
Compiling module xil_defaultlib.embsys_axi_gpio_0_0_pselect_f__p...
Compiling module xil_defaultlib.embsys_axi_gpio_0_0_address_deco...
Compiling module xil_defaultlib.embsys_axi_gpio_0_0_slave_attach...
Compiling module xil_defaultlib.embsys_axi_gpio_0_0_axi_lite_ipi...
Compiling module xil_defaultlib.embsys_axi_gpio_0_0_cdc_sync
Compiling module xil_defaultlib.embsys_axi_gpio_0_0_GPIO_Core
Compiling module xil_defaultlib.embsys_axi_gpio_0_0_axi_gpio
Compiling module xil_defaultlib.embsys_axi_gpio_0_0
Compiling module xil_defaultlib.embsys_axi_gpio_1_0_pselect_f
Compiling module xil_defaultlib.embsys_axi_gpio_1_0_pselect_f__p...
Compiling module xil_defaultlib.embsys_axi_gpio_1_0_address_deco...
Compiling module xil_defaultlib.embsys_axi_gpio_1_0_slave_attach...
Compiling module xil_defaultlib.embsys_axi_gpio_1_0_axi_lite_ipi...
Compiling module xil_defaultlib.embsys_axi_gpio_1_0_cdc_sync
Compiling module xil_defaultlib.embsys_axi_gpio_1_0_GPIO_Core
Compiling module xil_defaultlib.embsys_axi_gpio_1_0_axi_gpio
Compiling module xil_defaultlib.embsys_axi_gpio_1_0
Compiling module xil_defaultlib.embsys_axi_gpio_red_high_0_psele...
Compiling module xil_defaultlib.embsys_axi_gpio_red_high_0_psele...
Compiling module xil_defaultlib.embsys_axi_gpio_red_high_0_addre...
Compiling module xil_defaultlib.embsys_axi_gpio_red_high_0_slave...
Compiling module xil_defaultlib.embsys_axi_gpio_red_high_0_axi_l...
Compiling module xil_defaultlib.embsys_axi_gpio_red_high_0_cdc_s...
Compiling module xil_defaultlib.embsys_axi_gpio_red_high_0_GPIO_...
Compiling module xil_defaultlib.embsys_axi_gpio_red_high_0_axi_g...
Compiling module xil_defaultlib.embsys_axi_gpio_red_high_0
Compiling module xil_defaultlib.embsys_axi_timer_0_0_pselect_f
Compiling module xil_defaultlib.embsys_axi_timer_0_0_pselect_f__...
Compiling module xil_defaultlib.embsys_axi_timer_0_0_pselect_f__...
Compiling module xil_defaultlib.embsys_axi_timer_0_0_pselect_f__...
Compiling module xil_defaultlib.embsys_axi_timer_0_0_pselect_f__...
Compiling module xil_defaultlib.embsys_axi_timer_0_0_pselect_f__...
Compiling module xil_defaultlib.embsys_axi_timer_0_0_address_dec...
Compiling module xil_defaultlib.embsys_axi_timer_0_0_slave_attac...
Compiling module xil_defaultlib.embsys_axi_timer_0_0_axi_lite_ip...
Compiling module unisims_ver.CARRY4
Compiling module xil_defaultlib.embsys_axi_timer_0_0_counter_f
Compiling module xil_defaultlib.embsys_axi_timer_0_0_count_modul...
Compiling module xil_defaultlib.embsys_axi_timer_0_0_mux_onehot_...
Compiling module unisims_ver.GND
Compiling module xil_defaultlib.embsys_axi_timer_0_0_cdc_sync__2
Compiling module xil_defaultlib.embsys_axi_timer_0_0_cdc_sync
Compiling module xil_defaultlib.embsys_axi_timer_0_0_cdc_sync__1
Compiling module xil_defaultlib.embsys_axi_timer_0_0_timer_contr...
Compiling module xil_defaultlib.embsys_axi_timer_0_0_tc_core
Compiling module xil_defaultlib.embsys_axi_timer_0_0_axi_timer
Compiling module xil_defaultlib.embsys_axi_timer_0_0
Compiling module xil_defaultlib.embsys_axi_uartlite_0_0_pselect_...
Compiling module xil_defaultlib.embsys_axi_uartlite_0_0_pselect_...
Compiling module xil_defaultlib.embsys_axi_uartlite_0_0_address_...
Compiling module xil_defaultlib.embsys_axi_uartlite_0_0_slave_at...
Compiling module xil_defaultlib.embsys_axi_uartlite_0_0_axi_lite...
Compiling module xil_defaultlib.embsys_axi_uartlite_0_0_baudrate
Compiling module xil_defaultlib.embsys_axi_uartlite_0_0_cdc_sync
Compiling module xil_defaultlib.embsys_axi_uartlite_0_0_cntr_inc...
Compiling module unisims_ver.SRL16E_default
Compiling module xil_defaultlib.embsys_axi_uartlite_0_0_dynshreg...
Compiling module xil_defaultlib.embsys_axi_uartlite_0_0_srl_fifo...
Compiling module xil_defaultlib.embsys_axi_uartlite_0_0_srl_fifo...
Compiling module xil_defaultlib.embsys_axi_uartlite_0_0_uartlite...
Compiling module xil_defaultlib.embsys_axi_uartlite_0_0_cntr_inc...
Compiling module unisims_ver.MUXF7
Compiling module xil_defaultlib.embsys_axi_uartlite_0_0_dynshreg...
Compiling module xil_defaultlib.embsys_axi_uartlite_0_0_srl_fifo...
Compiling module xil_defaultlib.embsys_axi_uartlite_0_0_srl_fifo...
Compiling module xil_defaultlib.embsys_axi_uartlite_0_0_uartlite...
Compiling module xil_defaultlib.embsys_axi_uartlite_0_0_uartlite...
Compiling module xil_defaultlib.embsys_axi_uartlite_0_0_axi_uart...
Compiling module xil_defaultlib.embsys_axi_uartlite_0_0
Compiling module unisims_ver.BUFG
Compiling module unisims_ver.IBUF
Compiling module unisims_ver.MMCME2_ADV(CLKFBOUT_MULT_F=10.0,...
Compiling module xil_defaultlib.embsys_clk_wiz_1_0_embsys_clk_wi...
Compiling module xil_defaultlib.embsys_clk_wiz_1_0
Compiling module xil_defaultlib.embsys_fit_timer_0_0_Divide_part
Compiling module xil_defaultlib.embsys_fit_timer_0_0_Divide_part...
Compiling module xil_defaultlib.embsys_fit_timer_0_0_Divide_part...
Compiling module xil_defaultlib.embsys_fit_timer_0_0_Divide_part...
Compiling module xil_defaultlib.embsys_fit_timer_0_0_FIT_timer
Compiling module xil_defaultlib.embsys_fit_timer_0_0
Compiling module unisims_ver.FDCE(IS_C_INVERTED=1'b1)
Compiling module xil_defaultlib.embsys_mdm_1_0_MB_FDC_1
Compiling module unisims_ver.FDRE(IS_C_INVERTED=1'b1)
Compiling module xil_defaultlib.embsys_mdm_1_0_MB_FDRE_1
Compiling module xil_defaultlib.embsys_mdm_1_0_MB_SRL16E
Compiling module xil_defaultlib.embsys_mdm_1_0_MB_SRL16E__parame...
Compiling module xil_defaultlib.embsys_mdm_1_0_MB_SRL16E__parame...
Compiling module xil_defaultlib.embsys_mdm_1_0_MB_SRL16E__parame...
Compiling module xil_defaultlib.embsys_mdm_1_0_MB_FDRE_15
Compiling module xil_defaultlib.embsys_mdm_1_0_MB_MUXCY_XORCY_16
Compiling module xil_defaultlib.embsys_mdm_1_0_MB_FDRE_17
Compiling module xil_defaultlib.embsys_mdm_1_0_MB_MUXCY_XORCY_18
Compiling module xil_defaultlib.embsys_mdm_1_0_MB_FDRE_19
Compiling module xil_defaultlib.embsys_mdm_1_0_MB_MUXCY_XORCY_20
Compiling module xil_defaultlib.embsys_mdm_1_0_MB_FDRE_21
Compiling module xil_defaultlib.embsys_mdm_1_0_MB_XORCY_22
Compiling module xil_defaultlib.embsys_mdm_1_0_MB_SRL16E__parame...
Compiling module xil_defaultlib.embsys_mdm_1_0_MB_SRL16E__parame...
Compiling module xil_defaultlib.embsys_mdm_1_0_MB_SRL16E__parame...
Compiling module xil_defaultlib.embsys_mdm_1_0_MB_SRL16E__parame...
Compiling module xil_defaultlib.embsys_mdm_1_0_MB_SRL16E__parame...
Compiling module xil_defaultlib.embsys_mdm_1_0_MB_SRL16E__parame...
Compiling module xil_defaultlib.embsys_mdm_1_0_MB_SRL16E__parame...
Compiling module xil_defaultlib.embsys_mdm_1_0_MB_SRL16E__parame...
Compiling module xil_defaultlib.embsys_mdm_1_0_SRL_FIFO
Compiling module xil_defaultlib.embsys_mdm_1_0_MB_FDRE_2
Compiling module xil_defaultlib.embsys_mdm_1_0_MB_MUXCY_XORCY
Compiling module xil_defaultlib.embsys_mdm_1_0_MB_FDRE_3
Compiling module xil_defaultlib.embsys_mdm_1_0_MB_MUXCY_XORCY_4
Compiling module xil_defaultlib.embsys_mdm_1_0_MB_FDRE_5
Compiling module xil_defaultlib.embsys_mdm_1_0_MB_MUXCY_XORCY_6
Compiling module xil_defaultlib.embsys_mdm_1_0_MB_FDRE_7
Compiling module xil_defaultlib.embsys_mdm_1_0_MB_XORCY
Compiling module xil_defaultlib.embsys_mdm_1_0_MB_SRL16E__parame...
Compiling module xil_defaultlib.embsys_mdm_1_0_MB_SRL16E__parame...
Compiling module xil_defaultlib.embsys_mdm_1_0_MB_SRL16E__parame...
Compiling module xil_defaultlib.embsys_mdm_1_0_MB_SRL16E__parame...
Compiling module xil_defaultlib.embsys_mdm_1_0_MB_SRL16E__parame...
Compiling module xil_defaultlib.embsys_mdm_1_0_MB_SRL16E__parame...
Compiling module xil_defaultlib.embsys_mdm_1_0_MB_SRL16E__parame...
Compiling module xil_defaultlib.embsys_mdm_1_0_MB_SRL16E__parame...
Compiling module xil_defaultlib.embsys_mdm_1_0_SRL_FIFO_0
Compiling module unisims_ver.FDCE_default
Compiling module unisims_ver.FDPE_default
Compiling module xil_defaultlib.embsys_mdm_1_0_JTAG_CONTROL
Compiling module xil_defaultlib.embsys_mdm_1_0_MDM_Core
Compiling module xil_defaultlib.embsys_mdm_1_0_MB_BUFG
Compiling module xil_defaultlib.embsys_mdm_1_0_pselect_f
Compiling module xil_defaultlib.embsys_mdm_1_0_pselect_f__parame...
Compiling module xil_defaultlib.embsys_mdm_1_0_address_decoder
Compiling module xil_defaultlib.embsys_mdm_1_0_slave_attachment
Compiling module xil_defaultlib.embsys_mdm_1_0_axi_lite_ipif
Compiling module unisims_ver.BSCANE2(JTAG_CHAIN=2)
Compiling module xil_defaultlib.embsys_mdm_1_0_MB_BSCANE2
Compiling module xil_defaultlib.embsys_mdm_1_0_MB_LUT1
Compiling module xil_defaultlib.embsys_mdm_1_0_MDM
Compiling module xil_defaultlib.embsys_mdm_1_0
Compiling module unisims_ver.LUT6_2
Compiling module unisims_ver.VCC
Compiling module unisims_ver.AND2B1L
Compiling module unisims_ver.SRLC16E_default
Compiling module xil_defaultlib.embsys_microblaze_0_0
Compiling module xil_defaultlib.embsys_microblaze_0_axi_intc_0_a...
Compiling module xil_defaultlib.embsys_microblaze_0_axi_intc_0_s...
Compiling module xil_defaultlib.embsys_microblaze_0_axi_intc_0_a...
Compiling module unisims_ver.RAM32X1D
Compiling module xil_defaultlib.embsys_microblaze_0_axi_intc_0_s...
Compiling module xil_defaultlib.embsys_microblaze_0_axi_intc_0_i...
Compiling module xil_defaultlib.embsys_microblaze_0_axi_intc_0_a...
Compiling module xil_defaultlib.embsys_microblaze_0_axi_intc_0
Compiling module xil_defaultlib.embsys_xbar_0_axi_crossbar_v2_1_...
Compiling module xil_defaultlib.embsys_xbar_0_axi_crossbar_v2_1_...
Compiling module xil_defaultlib.embsys_xbar_0_axi_register_slice...
Compiling module xil_defaultlib.embsys_xbar_0_axi_crossbar_v2_1_...
Compiling module xil_defaultlib.embsys_xbar_0_axi_crossbar_v2_1_...
Compiling module xil_defaultlib.embsys_xbar_0_axi_crossbar_v2_1_...
Compiling module xil_defaultlib.embsys_xbar_0_axi_crossbar_v2_1_...
Compiling module xil_defaultlib.embsys_xbar_0
Compiling module xil_defaultlib.embsys_microblaze_0_axi_periph_0
Compiling module xil_defaultlib.embsys_dlmb_bram_if_cntlr_0_lmb_...
Compiling module xil_defaultlib.embsys_dlmb_bram_if_cntlr_0
Compiling module xil_defaultlib.embsys_dlmb_v10_0_lmb_v10
Compiling module xil_defaultlib.embsys_dlmb_v10_0
Compiling module xil_defaultlib.embsys_ilmb_bram_if_cntlr_0_lmb_...
Compiling module xil_defaultlib.embsys_ilmb_bram_if_cntlr_0
Compiling module xil_defaultlib.embsys_ilmb_v10_0_lmb_v10
Compiling module xil_defaultlib.embsys_ilmb_v10_0
Compiling module unisims_ver.RB36_INTERNAL_VLOG(READ_WIDTH_A=...
Compiling module unisims_ver.RAMB36E1(READ_WIDTH_A=1,READ_WID...
Compiling module unisims_ver.RB36_INTERNAL_VLOG(READ_WIDTH_A=...
Compiling module unisims_ver.RAMB36E1(INIT_00=256'b01,READ_WI...
Compiling module xil_defaultlib.embsys_lmb_bram_0
Compiling module xil_defaultlib.microblaze_0_local_memory_imp_1S...
Compiling module xil_defaultlib.embsys_microblaze_0_xlconcat_0
Compiling module unisims_ver.MUXF8
Compiling module xil_defaultlib.embsys_nexys4io_0_0_debounce
Compiling module xil_defaultlib.embsys_nexys4io_0_0_rgbpwm
Compiling module xil_defaultlib.embsys_nexys4io_0_0_rgbpwm_0
Compiling module xil_defaultlib.embsys_nexys4io_0_0_Digit
Compiling module xil_defaultlib.embsys_nexys4io_0_0_Digit_1
Compiling module xil_defaultlib.embsys_nexys4io_0_0_Digit_2
Compiling module xil_defaultlib.embsys_nexys4io_0_0_Digit_3
Compiling module xil_defaultlib.embsys_nexys4io_0_0_Digit_4
Compiling module xil_defaultlib.embsys_nexys4io_0_0_Digit_5
Compiling module xil_defaultlib.embsys_nexys4io_0_0_Digit_6
Compiling module xil_defaultlib.embsys_nexys4io_0_0_Digit_7
Compiling module xil_defaultlib.embsys_nexys4io_0_0_sevensegment
Compiling module xil_defaultlib.embsys_nexys4io_0_0_nexys4io_v3_...
Compiling module xil_defaultlib.embsys_nexys4io_0_0_nexys4io_v3_...
Compiling module xil_defaultlib.embsys_nexys4io_0_0
Compiling module xil_defaultlib.embsys_rst_clk_wiz_1_100M_0_cdc_...
Compiling module xil_defaultlib.embsys_rst_clk_wiz_1_100M_0_cdc_...
Compiling module xil_defaultlib.embsys_rst_clk_wiz_1_100M_0_lpf
Compiling module xil_defaultlib.embsys_rst_clk_wiz_1_100M_0_upcn...
Compiling module xil_defaultlib.embsys_rst_clk_wiz_1_100M_0_sequ...
Compiling module xil_defaultlib.embsys_rst_clk_wiz_1_100M_0_proc...
Compiling module xil_defaultlib.embsys_rst_clk_wiz_1_100M_0
Compiling module xil_defaultlib.embsys
Compiling module unisims_ver.OBUF
Compiling module xil_defaultlib.PWDET
Compiling module unisims_ver.IOBUF
Compiling module xil_defaultlib.nexysA7fpga
Compiling module xil_defaultlib.glbl
Built simulation snapshot nexysA7fpga_func_impl
